Using pre-set license
Built from '2020.3/staging' branch; Version is '2020.3.20f1 (41c4e627c95f) revision 4310246'; Using compiler version '192528614'; Build Type 'Release'
OS: 'Windows 10 Pro; OS build 19042.1288; Version 2009; 64bit' Language: 'zh' Physical Memory: 16267 MB
BatchMode: 1, IsHumanControllingUs: 0, StartBugReporterOnCrash: 0, Is64bit: 1, IsPro: 0

COMMAND LINE ARGUMENTS:
C:\Program Files\Unity\Hub\Editor\2020.3.20f1\Editor\Unity.exe
-adb2
-batchMode
-noUpm
-name
AssetImportWorker0
-projectPath
C:/Users/user/Documents/GitHub/Knight_Soul/KnightSoul
-logFile
Logs/AssetImportWorker0.log
-srvPort
4047
Successfully changed project path to: C:/Users/user/Documents/GitHub/Knight_Soul/KnightSoul
C:/Users/user/Documents/GitHub/Knight_Soul/KnightSoul
Using Asset Import Pipeline V2.
Refreshing native plugins compatible for Editor in 42.03 ms, found 3 plugins.
Preloading 0 native plugins for Editor in 0.00 ms.
Initialize engine version: 2020.3.20f1 (41c4e627c95f)
[Subsystems] Discovering subsystems at path C:/Program Files/Unity/Hub/Editor/2020.3.20f1/Editor/Data/Resources/UnitySubsystems
[Subsystems] Discovering subsystems at path C:/Users/user/Documents/GitHub/Knight_Soul/KnightSoul/Assets
GfxDevice: creating device client; threaded=0
Direct3D:
    Version:  Direct3D 11.0 [level 11.1]
    Renderer: NVIDIA GeForce GTX 1060 3GB (ID=0x1c02)
    Vendor:   
    VRAM:     2988 MB
    Driver:   30.0.14.7196
Initialize mono
Mono path[0] = 'C:/Program Files/Unity/Hub/Editor/2020.3.20f1/Editor/Data/Managed'
Mono path[1] = 'C:/Program Files/Unity/Hub/Editor/2020.3.20f1/Editor/Data/MonoBleedingEdge/lib/mono/unityjit'
Mono config path = 'C:/Program Files/Unity/Hub/Editor/2020.3.20f1/Editor/Data/MonoBleedingEdge/etc'
Using monoOptions --debugger-agent=transport=dt_socket,embedding=1,server=y,suspend=n,address=127.0.0.1:56504
Begin MonoManager ReloadAssembly
Registering precompiled unity dll's ...
Register platform support module: C:/Program Files/Unity/Hub/Editor/2020.3.20f1/Editor/Data/PlaybackEngines/WebGLSupport/UnityEditor.WebGL.Extensions.dll
Register platform support module: C:/Program Files/Unity/Hub/Editor/2020.3.20f1/Editor/Data/PlaybackEngines/WindowsStandaloneSupport/UnityEditor.WindowsStandalone.Extensions.dll
Registered in 0.001662 seconds.
Native extension for WindowsStandalone target not found
Native extension for WebGL target not found
Refreshing native plugins compatible for Editor in 41.64 ms, found 3 plugins.
Preloading 0 native plugins for Editor in 0.00 ms.
Mono: successfully reloaded assembly
- Completed reload, in  1.523 seconds
Domain Reload Profiling:
	ReloadAssembly (1523ms)
		BeginReloadAssembly (45ms)
			ExecutionOrderSort (0ms)
			DisableScriptedObjects (0ms)
			BackupInstance (0ms)
			ReleaseScriptingObjects (0ms)
			CreateAndSetChildDomain (1ms)
		EndReloadAssembly (355ms)
			LoadAssemblies (44ms)
			RebuildTransferFunctionScriptingTraits (0ms)
			SetupTypeCache (127ms)
			ReleaseScriptCaches (0ms)
			RebuildScriptCaches (25ms)
			SetupLoadedEditorAssemblies (145ms)
				LogAssemblyErrors (0ms)
				InitializePlatformSupportModulesInManaged (4ms)
				SetLoadedEditorAssemblies (0ms)
				RefreshPlugins (42ms)
				BeforeProcessingInitializeOnLoad (7ms)
				ProcessInitializeOnLoadAttributes (67ms)
				ProcessInitializeOnLoadMethodAttributes (24ms)
				AfterProcessingInitializeOnLoad (0ms)
				EditorAssembliesLoaded (0ms)
			ExecutionOrderSort2 (0ms)
			AwakeInstancesAfterBackupRestoration (0ms)
Platform modules already initialized, skipping
Registering precompiled user dll's ...
Registered in 0.002321 seconds.
Begin MonoManager ReloadAssembly
Native extension for WindowsStandalone target not found
Native extension for WebGL target not found
Refreshing native plugins compatible for Editor in 41.24 ms, found 3 plugins.
Preloading 0 native plugins for Editor in 0.00 ms.
Mono: successfully reloaded assembly
- Completed reload, in  0.912 seconds
Domain Reload Profiling:
	ReloadAssembly (913ms)
		BeginReloadAssembly (116ms)
			ExecutionOrderSort (0ms)
			DisableScriptedObjects (4ms)
			BackupInstance (0ms)
			ReleaseScriptingObjects (0ms)
			CreateAndSetChildDomain (14ms)
		EndReloadAssembly (746ms)
			LoadAssemblies (70ms)
			RebuildTransferFunctionScriptingTraits (0ms)
			SetupTypeCache (241ms)
			ReleaseScriptCaches (0ms)
			RebuildScriptCaches (39ms)
			SetupLoadedEditorAssemblies (291ms)
				LogAssemblyErrors (0ms)
				InitializePlatformSupportModulesInManaged (4ms)
				SetLoadedEditorAssemblies (0ms)
				RefreshPlugins (41ms)
				BeforeProcessingInitializeOnLoad (54ms)
				ProcessInitializeOnLoadAttributes (176ms)
				ProcessInitializeOnLoadMethodAttributes (11ms)
				AfterProcessingInitializeOnLoad (5ms)
				EditorAssembliesLoaded (0ms)
			ExecutionOrderSort2 (0ms)
			AwakeInstancesAfterBackupRestoration (6ms)
Platform modules already initialized, skipping
========================================================================
Worker process is ready to serve import requests
Launched and connected shader compiler UnityShaderCompiler.exe after 0.08 seconds
Refreshing native plugins compatible for Editor in 0.50 ms, found 3 plugins.
Preloading 0 native plugins for Editor in 0.00 ms.
Unloading 2100 Unused Serialized files (Serialized files now loaded: 0)
System memory in use before: 93.3 MB.
System memory in use after: 93.4 MB.

Unloading 26 unused Assets to reduce memory usage. Loaded Objects now: 2539.
Total: 2.547400 ms (FindLiveObjects: 0.169500 ms CreateObjectMapping: 0.077500 ms MarkObjects: 2.240100 ms  DeleteObjects: 0.059000 ms)

AssetImportParameters requested are different than current active one (requested -> active):
  custom:framework-win-MediaFoundation: 216162199b28c13a410421893ffa2e32 -> 
  custom:video-decoder-ogg-theora: a1e56fd34408186e4bbccfd4996cb3dc -> 
  custom:container-muxer-webm: aa71ff27fc2769a1b78a27578f13a17b -> 
  custom:container-demuxer-webm: 4f35f7cbe854078d1ac9338744f61a02 -> 
  custom:container-demuxer-ogg: 62fdf1f143b41e24485cea50d1cbac27 -> 
  custom:video-encoder-webm-vp8: eb34c28f22e8b96e1ab97ce403110664 -> 
  custom:video-decoder-webm-vp8: 9c59270c3fd7afecdb556c50c9e8de78 -> 
  custom:audio-decoder-ogg-vorbis: bf7c407c2cedff20999df2af8eb42d56 -> 
  custom:audio-encoder-webm-vorbis: bf7c407c2cedff20999df2af8eb42d56 -> 
========================================================================
Received Import Request.
  path: Assets/KnghtSoul/Assets/Cainos/Pixel Art Platformer - Village Props
  artifactKey: Guid(1f08d781702466b438d35aa7938d8030) Importer(815301076,1909f56bfc062723c751e8b465ee728b)
Start importing Assets/KnghtSoul/Assets/Cainos/Pixel Art Platformer - Village Props using Guid(1f08d781702466b438d35aa7938d8030) Importer(815301076,1909f56bfc062723c751e8b465ee728b)  -> (artifact id: '14aac2b74a698c039f0684b09f635df1') in 0.011212 seconds 
  Import took 0.014055 seconds .

========================================================================
Received Import Request.
  Time since last request: 0.000150 seconds.
  path: Assets/KnghtSoul/Assets
  artifactKey: Guid(8e89e39fbb1616840956977431654e37) Importer(815301076,1909f56bfc062723c751e8b465ee728b)
Start importing Assets/KnghtSoul/Assets using Guid(8e89e39fbb1616840956977431654e37) Importer(815301076,1909f56bfc062723c751e8b465ee728b)  -> (artifact id: 'f4b26d2e9a1a676cfd7c35f39e02e831') in 0.004444 seconds 
  Import took 0.007118 seconds .

========================================================================
Received Import Request.
  Time since last request: 0.131089 seconds.
  path: Assets/KnghtSoul/Assets/材質球/遊戲場景天空.mat
  artifactKey: Guid(eb68b34f0d57daa428b33095e5dbcd30) Importer(815301076,1909f56bfc062723c751e8b465ee728b)
Start importing Assets/KnghtSoul/Assets/材質球/遊戲場景天空.mat using Guid(eb68b34f0d57daa428b33095e5dbcd30) Importer(815301076,1909f56bfc062723c751e8b465ee728b)  -> (artifact id: 'b42686ce57a846db3c503797dd95eeec') in 0.306360 seconds 
  Import took 0.309489 seconds .

========================================================================
Received Import Request.
  Time since last request: 0.000184 seconds.
  path: Assets/KnghtSoul/Assets/材質球/開始畫面的天空.mat
  artifactKey: Guid(7a2a39c14440d8d4c8a46cd5b80c31d2) Importer(815301076,1909f56bfc062723c751e8b465ee728b)
Start importing Assets/KnghtSoul/Assets/材質球/開始畫面的天空.mat using Guid(7a2a39c14440d8d4c8a46cd5b80c31d2) Importer(815301076,1909f56bfc062723c751e8b465ee728b)  -> (artifact id: 'f649fe01b99b14f13c92df1bd5bd9ad6') in 0.012264 seconds 
  Import took 0.015342 seconds .

========================================================================
Received Import Request.
  Time since last request: 5.930375 seconds.
  path: Assets/KnghtSoul/Assets/場景/場景一.unity
  artifactKey: Guid(7e7b84dab386ff747bdb54032b431c8f) Importer(815301076,1909f56bfc062723c751e8b465ee728b)
Start importing Assets/KnghtSoul/Assets/場景/場景一.unity using Guid(7e7b84dab386ff747bdb54032b431c8f) Importer(815301076,1909f56bfc062723c751e8b465ee728b)  -> (artifact id: '6fb07db2d4ed03b0b802176d27a17ec1') in 0.363507 seconds 
  Import took 0.366257 seconds .

========================================================================
Received Import Request.
  Time since last request: 8.855812 seconds.
  path: Assets/KnghtSoul/Assets/Scripts/control.cs
  artifactKey: Guid(bc5211fa6a6168549a7636202d6d3faf) Importer(815301076,1909f56bfc062723c751e8b465ee728b)
Start importing Assets/KnghtSoul/Assets/Scripts/control.cs using Guid(bc5211fa6a6168549a7636202d6d3faf) Importer(815301076,1909f56bfc062723c751e8b465ee728b)  -> (artifact id: '7df239d318c8afa4bc989a0b2b9be234') in 0.059609 seconds 
  Import took 0.062930 seconds .

========================================================================
Received Import Request.
  Time since last request: 0.521748 seconds.
  path: Assets/KnghtSoul/Assets/Scripts/Flyingeye.cs
  artifactKey: Guid(0016699fc569f1f40b56d65c08a1a4ec) Importer(815301076,1909f56bfc062723c751e8b465ee728b)
Start importing Assets/KnghtSoul/Assets/Scripts/Flyingeye.cs using Guid(0016699fc569f1f40b56d65c08a1a4ec) Importer(815301076,1909f56bfc062723c751e8b465ee728b)  -> (artifact id: '494618e19d19f64da35629f62ebf8f2e') in 0.004974 seconds 
  Import took 0.007753 seconds .

========================================================================
Received Import Request.
  Time since last request: 1.106037 seconds.
  path: Assets/KnghtSoul/Assets/Scripts/Gameset.cs
  artifactKey: Guid(dd1ced91d658c7149b8f0d209ac1cc32) Importer(815301076,1909f56bfc062723c751e8b465ee728b)
Start importing Assets/KnghtSoul/Assets/Scripts/Gameset.cs using Guid(dd1ced91d658c7149b8f0d209ac1cc32) Importer(815301076,1909f56bfc062723c751e8b465ee728b)  -> (artifact id: 'c7e300ea7ec04d432d44365a51f0374a') in 0.005149 seconds 
  Import took 0.007930 seconds .

========================================================================
Received Import Request.
  Time since last request: 0.701295 seconds.
  path: Assets/KnghtSoul/Assets/Scripts/Goblin.cs
  artifactKey: Guid(6d5862104c6a4aa4e80d7ca690908b38) Importer(815301076,1909f56bfc062723c751e8b465ee728b)
Start importing Assets/KnghtSoul/Assets/Scripts/Goblin.cs using Guid(6d5862104c6a4aa4e80d7ca690908b38) Importer(815301076,1909f56bfc062723c751e8b465ee728b)  -> (artifact id: 'b41fb7a69b751343d651b81b2913b2e8') in 0.005136 seconds 
  Import took 0.008101 seconds .

========================================================================
Received Import Request.
  Time since last request: 0.521892 seconds.
  path: Assets/KnghtSoul/Assets/Scripts/Knight.cs
  artifactKey: Guid(99a4812b74845fb4181c5d8b30ce823a) Importer(815301076,1909f56bfc062723c751e8b465ee728b)
Start importing Assets/KnghtSoul/Assets/Scripts/Knight.cs using Guid(99a4812b74845fb4181c5d8b30ce823a) Importer(815301076,1909f56bfc062723c751e8b465ee728b)  -> (artifact id: '7323fb3c1beacc6a64b799d514d2f9b2') in 0.005128 seconds 
  Import took 0.008017 seconds .

========================================================================
Received Import Request.
  Time since last request: 0.421432 seconds.
  path: Assets/KnghtSoul/Assets/Scripts/Mushroom.cs
  artifactKey: Guid(055e1f7b3ebba174998d8cfe625a72c7) Importer(815301076,1909f56bfc062723c751e8b465ee728b)
Start importing Assets/KnghtSoul/Assets/Scripts/Mushroom.cs using Guid(055e1f7b3ebba174998d8cfe625a72c7) Importer(815301076,1909f56bfc062723c751e8b465ee728b)  -> (artifact id: '9c09bb4d828ac034f310a9fcd1a259e4') in 0.007881 seconds 
  Import took 0.010585 seconds .

AssetImportWorkerClient::OnTransportError - code=2 error=End of file
